<?xml version="1.0" encoding="UTF-8"?>
<testsuites>
  <testsuite name="fastlane.lanes">
    
    
    
      
      <testcase classname="fastlane.lanes" name="0: Verifying required fastlane version" time="0.003596058">
        
      </testcase>
    
      
      <testcase classname="fastlane.lanes" name="1: default_platform" time="0.000844122">
        
      </testcase>
    
      
      <testcase classname="fastlane.lanes" name="2: slack" time="0.751311662">
        
      </testcase>
    
      
      <testcase classname="fastlane.lanes" name="3: gradle" time="1.059633947">
        
          <failure message="/var/lib/gems/2.3.0/gems/fastlane-2.70.0/fastlane/lib/fastlane/actions/actions_helper.rb:48:in `execute_action'&#10;/var/lib/gems/2.3.0/gems/fastlane-2.70.0/fastlane/lib/fastlane/runner.rb:231:in `block in execute_action'&#10;/var/lib/gems/2.3.0/gems/fastlane-2.70.0/fastlane/lib/fastlane/runner.rb:227:in `chdir'&#10;/var/lib/gems/2.3.0/gems/fastlane-2.70.0/fastlane/lib/fastlane/runner.rb:227:in `execute_action'&#10;/var/lib/gems/2.3.0/gems/fastlane-2.70.0/fastlane/lib/fastlane/runner.rb:148:in `trigger_action_by_name'&#10;/var/lib/gems/2.3.0/gems/fastlane-2.70.0/fastlane/lib/fastlane/fast_file.rb:146:in `method_missing'&#10;Fastfile:30:in `block (2 levels) in parsing_binding'&#10;/var/lib/gems/2.3.0/gems/fastlane-2.70.0/fastlane/lib/fastlane/lane.rb:33:in `call'&#10;/var/lib/gems/2.3.0/gems/fastlane-2.70.0/fastlane/lib/fastlane/runner.rb:49:in `block in execute'&#10;/var/lib/gems/2.3.0/gems/fastlane-2.70.0/fastlane/lib/fastlane/runner.rb:45:in `chdir'&#10;/var/lib/gems/2.3.0/gems/fastlane-2.70.0/fastlane/lib/fastlane/runner.rb:45:in `execute'&#10;/var/lib/gems/2.3.0/gems/fastlane-2.70.0/fastlane/lib/fastlane/lane_manager.rb:56:in `cruise_lane'&#10;/var/lib/gems/2.3.0/gems/fastlane-2.70.0/fastlane/lib/fastlane/command_line_handler.rb:34:in `handle'&#10;/var/lib/gems/2.3.0/gems/fastlane-2.70.0/fastlane/lib/fastlane/commands_generator.rb:104:in `block (2 levels) in run'&#10;/var/lib/gems/2.3.0/gems/commander-fastlane-4.4.5/lib/commander/command.rb:178:in `call'&#10;/var/lib/gems/2.3.0/gems/commander-fastlane-4.4.5/lib/commander/command.rb:153:in `run'&#10;/var/lib/gems/2.3.0/gems/commander-fastlane-4.4.5/lib/commander/runner.rb:476:in `run_active_command'&#10;/var/lib/gems/2.3.0/gems/fastlane-2.70.0/fastlane_core/lib/fastlane_core/ui/fastlane_runner.rb:66:in `run!'&#10;/var/lib/gems/2.3.0/gems/commander-fastlane-4.4.5/lib/commander/delegates.rb:15:in `run!'&#10;/var/lib/gems/2.3.0/gems/fastlane-2.70.0/fastlane/lib/fastlane/commands_generator.rb:343:in `run'&#10;/var/lib/gems/2.3.0/gems/fastlane-2.70.0/fastlane/lib/fastlane/commands_generator.rb:42:in `start'&#10;/var/lib/gems/2.3.0/gems/fastlane-2.70.0/fastlane/lib/fastlane/cli_tools_distributor.rb:75:in `take_off'&#10;/var/lib/gems/2.3.0/gems/fastlane-2.70.0/bin/fastlane:20:in `&lt;top (required)&gt;'&#10;/usr/local/bin/fastlane:22:in `load'&#10;/usr/local/bin/fastlane:22:in `&lt;main&gt;'&#10;&#10;Exit status of command '/home/s_havronskiy/PROJECTS/MyApplication/gradlew assembledebag -p .' was 1 instead of 0.&#10;&#10;FAILURE: Build failed with an exception.&#10;&#10;* What went wrong:&#10;Task 'assembledebag' not found in root project 'MyApplication'. Some candidates are: 'assembleDebug'.&#10;&#10;* Try:&#10;Run gradlew tasks to get a list of available tasks. Run with --stacktrace option to get the stack trace. Run with --info or --debug option to get more log output.&#10;&#10;* Get more help at https://help.gradle.org&#10;&#10;BUILD FAILED in 0s&#10;" />
        
      </testcase>
    
  </testsuite>
</testsuites>
